Name: Megan Rapinoe
Age: 36
Occpuation: Student
Number of Codemon: 7
Security Level: 3
Warning: Entrant is classified as student at age 36

Name: Shohei Ohtani
Age: 27
Occupation: Student
Number of Codemon: 6
Security Level: 1
Warning: Entrant with level of 1 eneterd a zone of level 2

Name: Emma Raducan
Age: 18
Occupation: Student
Number of Codemon: 8
Security Level: 1
Warning: Entrant with level of 1 eneterd a zone of level 2

Name: Sakura Yosozumi
Age: 19
Occupation: Student
Number of Codemon: 10
Security Level: 1
Warning: Entrant with level of 1 entered a zone of level 2

Name: Lebron James
Age: 36
Occupation: Staff
Number of Codemon: 100
Security Level: 4
Warning: Entrant has too many codemon, entrant has 100 codemon, the third quartile was 8. 

Name: Timo Werner
Age: 25
Occpuation: Staff
Number of Codemon: 12
Security Level: 4
Warning: Entrant has too many codemon, entrant has 12 codemon, the third quartile was 8. 

Name: Lewis Hamilton
Age: 36
Occupation: Staff
Number of Codemon: 20
Security Level: 4
Warning: Entrant has too many codemon, entrant has 20 codemon, the third quartile was 8.

Name: Sakura Yosozumi
Age: 19
Occupation: Student
Number of Codemon: 10
Security Level: 1
Warning: Entrant has too many codemon, entrant has 10 codemon, the third quartile was 8. 