Harry Potter 8 Student 2 1
Kim Possible 16 Student 1 2
Timmy Turner 12 Student 2 1
Tina Turner 81 Faculty 2 4


Warnings

Name: Harry Potter
Age: 8
Occupation: Student
Number of Codemon: 2
Security Level: 1
Warning: Entrant with level of 1 eneterd a zone of level 4

Name: Kim Possible
Age: 16
Occupation: Student
Number of Codemon: 1
Security Level: 1
Warning: Entrant with level of 1 eneterd a zone of level 4

Name: Timmy Turner
Age: 12
Occupation: Student
Number of Codemon: 2
Security Level: 1
Warning: Entrant with level of 1 eneterd a zone of level 4